{"C:\\REACTPRACTICE\\src\\components\\Body.js": {"path":"C:\\REACTPRACTICE\\src\\components\\Body.js","statementMap":{"0":{"start":{"line":9,"column":13},"end":{"line":107,"column":1}},"1":{"start":{"line":10,"column":48},"end":{"line":10,"column":60}},"2":{"start":{"line":11,"column":54},"end":{"line":11,"column":66}},"3":{"start":{"line":12,"column":38},"end":{"line":12,"column":50}},"4":{"start":{"line":13,"column":2},"end":{"line":15,"column":9}},"5":{"start":{"line":14,"column":4},"end":{"line":14,"column":16}},"6":{"start":{"line":16,"column":20},"end":{"line":28,"column":3}},"7":{"start":{"line":17,"column":17},"end":{"line":19,"column":5}},"8":{"start":{"line":20,"column":17},"end":{"line":20,"column":34}},"9":{"start":{"line":21,"column":4},"end":{"line":21,"column":34}},"10":{"start":{"line":22,"column":4},"end":{"line":24,"column":6}},"11":{"start":{"line":25,"column":4},"end":{"line":27,"column":6}},"12":{"start":{"line":29,"column":33},"end":{"line":29,"column":59}},"13":{"start":{"line":30,"column":23},"end":{"line":36,"column":3}},"14":{"start":{"line":31,"column":32},"end":{"line":33,"column":5}},"15":{"start":{"line":32,"column":6},"end":{"line":32,"column":57}},"16":{"start":{"line":35,"column":4},"end":{"line":35,"column":47}},"17":{"start":{"line":37,"column":23},"end":{"line":37,"column":40}},"18":{"start":{"line":38,"column":2},"end":{"line":39,"column":74}},"19":{"start":{"line":39,"column":4},"end":{"line":39,"column":74}},"20":{"start":{"line":40,"column":37},"end":{"line":40,"column":60}},"21":{"start":{"line":41,"column":2},"end":{"line":106,"column":4}},"22":{"start":{"line":54,"column":14},"end":{"line":54,"column":42}},"23":{"start":{"line":62,"column":12},"end":{"line":64,"column":14}},"24":{"start":{"line":63,"column":47},"end":{"line":63,"column":70}},"25":{"start":{"line":76,"column":14},"end":{"line":76,"column":44}},"26":{"start":{"line":81,"column":27},"end":{"line":81,"column":51}},"27":{"start":{"line":89,"column":10},"end":{"line":102,"column":12}}},"fnMap":{"0":{"name":"(anonymous_0)","decl":{"start":{"line":9,"column":13},"end":{"line":9,"column":14}},"loc":{"start":{"line":9,"column":19},"end":{"line":107,"column":1}},"line":9},"1":{"name":"(anonymous_1)","decl":{"start":{"line":13,"column":12},"end":{"line":13,"column":13}},"loc":{"start":{"line":13,"column":18},"end":{"line":15,"column":3}},"line":13},"2":{"name":"(anonymous_2)","decl":{"start":{"line":16,"column":20},"end":{"line":16,"column":21}},"loc":{"start":{"line":16,"column":32},"end":{"line":28,"column":3}},"line":16},"3":{"name":"(anonymous_3)","decl":{"start":{"line":30,"column":23},"end":{"line":30,"column":24}},"loc":{"start":{"line":30,"column":30},"end":{"line":36,"column":3}},"line":30},"4":{"name":"(anonymous_4)","decl":{"start":{"line":31,"column":55},"end":{"line":31,"column":56}},"loc":{"start":{"line":32,"column":6},"end":{"line":32,"column":57}},"line":32},"5":{"name":"(anonymous_5)","decl":{"start":{"line":53,"column":22},"end":{"line":53,"column":23}},"loc":{"start":{"line":53,"column":29},"end":{"line":55,"column":13}},"line":53},"6":{"name":"(anonymous_6)","decl":{"start":{"line":61,"column":19},"end":{"line":61,"column":20}},"loc":{"start":{"line":61,"column":25},"end":{"line":65,"column":11}},"line":61},"7":{"name":"(anonymous_7)","decl":{"start":{"line":63,"column":40},"end":{"line":63,"column":41}},"loc":{"start":{"line":63,"column":47},"end":{"line":63,"column":70}},"line":63},"8":{"name":"(anonymous_8)","decl":{"start":{"line":75,"column":22},"end":{"line":75,"column":23}},"loc":{"start":{"line":75,"column":29},"end":{"line":77,"column":13}},"line":75},"9":{"name":"(anonymous_9)","decl":{"start":{"line":81,"column":21},"end":{"line":81,"column":22}},"loc":{"start":{"line":81,"column":27},"end":{"line":81,"column":51}},"line":81},"10":{"name":"(anonymous_10)","decl":{"start":{"line":88,"column":32},"end":{"line":88,"column":33}},"loc":{"start":{"line":88,"column":48},"end":{"line":103,"column":9}},"line":88}},"branchMap":{"0":{"loc":{"start":{"line":38,"column":2},"end":{"line":39,"column":74}},"type":"if","locations":[{"start":{"line":38,"column":2},"end":{"line":39,"column":74}},{"start":{},"end":{}}],"line":38},"1":{"loc":{"start":{"line":41,"column":9},"end":{"line":106,"column":3}},"type":"cond-expr","locations":[{"start":{"line":42,"column":4},"end":{"line":42,"column":15}},{"start":{"line":44,"column":4},"end":{"line":105,"column":10}}],"line":41},"2":{"loc":{"start":{"line":94,"column":15},"end":{"line":100,"column":15}},"type":"cond-expr","locations":[{"start":{"line":97,"column":16},"end":{"line":97,"column":69}},{"start":{"line":99,"column":16},"end":{"line":99,"column":61}}],"line":94},"3":{"loc":{"start":{"line":94,"column":15},"end":{"line":96,"column":59}},"type":"binary-expr","locations":[{"start":{"line":94,"column":15},"end":{"line":94,"column":37}},{"start":{"line":95,"column":14},"end":{"line":95,"column":48}},{"start":{"line":96,"column":14},"end":{"line":96,"column":59}}],"line":94}},"s":{"0":1,"1":7,"2":7,"3":7,"4":7,"5":2,"6":7,"7":2,"8":2,"9":2,"10":2,"11":2,"12":7,"13":7,"14":1,"15":20,"16":1,"17":7,"18":7,"19":0,"20":7,"21":7,"22":0,"23":1,"24":20,"25":1,"26":1,"27":77},"f":{"0":7,"1":2,"2":2,"3":1,"4":20,"5":0,"6":1,"7":20,"8":1,"9":1,"10":77},"b":{"0":[0,7],"1":[2,5],"2":[0,77],"3":[77,77,0]},"_coverageSchema":"1a1c01bbd47fc00a2c39e90264f33305004495a9","hash":"45036d638822a823b092ecaa72407db4ee6f46ec"}
,"C:\\REACTPRACTICE\\src\\components\\Cart.js": {"path":"C:\\REACTPRACTICE\\src\\components\\Cart.js","statementMap":{"0":{"start":{"line":5,"column":11},"end":{"line":22,"column":1}},"1":{"start":{"line":6,"column":21},"end":{"line":6,"column":59}},"2":{"start":{"line":6,"column":42},"end":{"line":6,"column":58}},"3":{"start":{"line":7,"column":21},"end":{"line":7,"column":34}},"4":{"start":{"line":8,"column":26},"end":{"line":11,"column":5}},"5":{"start":{"line":9,"column":8},"end":{"line":9,"column":30}},"6":{"start":{"line":10,"column":8},"end":{"line":10,"column":29}},"7":{"start":{"line":12,"column":4},"end":{"line":21,"column":5}},"8":{"start":{"line":16,"column":88},"end":{"line":16,"column":105}}},"fnMap":{"0":{"name":"(anonymous_0)","decl":{"start":{"line":5,"column":11},"end":{"line":5,"column":12}},"loc":{"start":{"line":5,"column":15},"end":{"line":22,"column":1}},"line":5},"1":{"name":"(anonymous_1)","decl":{"start":{"line":6,"column":33},"end":{"line":6,"column":34}},"loc":{"start":{"line":6,"column":42},"end":{"line":6,"column":58}},"line":6},"2":{"name":"(anonymous_2)","decl":{"start":{"line":8,"column":26},"end":{"line":8,"column":27}},"loc":{"start":{"line":8,"column":30},"end":{"line":11,"column":5}},"line":8},"3":{"name":"(anonymous_3)","decl":{"start":{"line":16,"column":84},"end":{"line":16,"column":85}},"loc":{"start":{"line":16,"column":88},"end":{"line":16,"column":105}},"line":16}},"branchMap":{"0":{"loc":{"start":{"line":17,"column":17},"end":{"line":17,"column":86}},"type":"binary-expr","locations":[{"start":{"line":17,"column":17},"end":{"line":17,"column":37}},{"start":{"line":17,"column":41},"end":{"line":17,"column":86}}],"line":17}},"s":{"0":1,"1":4,"2":8,"3":4,"4":4,"5":1,"6":1,"7":4,"8":1},"f":{"0":4,"1":8,"2":1,"3":1},"b":{"0":[4,2]},"_coverageSchema":"1a1c01bbd47fc00a2c39e90264f33305004495a9","hash":"08f0e5dc3aeecd61a585bc60df5a1ac963fd88ec"}
,"C:\\REACTPRACTICE\\src\\components\\Contact.js": {"path":"C:\\REACTPRACTICE\\src\\components\\Contact.js","statementMap":{"0":{"start":{"line":2,"column":16},"end":{"line":14,"column":1}},"1":{"start":{"line":3,"column":2},"end":{"line":13,"column":3}}},"fnMap":{"0":{"name":"(anonymous_0)","decl":{"start":{"line":2,"column":16},"end":{"line":2,"column":17}},"loc":{"start":{"line":2,"column":22},"end":{"line":14,"column":1}},"line":2}},"branchMap":{},"s":{"0":1,"1":3},"f":{"0":3},"b":{},"_coverageSchema":"1a1c01bbd47fc00a2c39e90264f33305004495a9","hash":"329b211ccdfb176c308411152933afd6da1fa9f4"}
,"C:\\REACTPRACTICE\\src\\components\\Header.js": {"path":"C:\\REACTPRACTICE\\src\\components\\Header.js","statementMap":{"0":{"start":{"line":6,"column":15},"end":{"line":53,"column":1}},"1":{"start":{"line":7,"column":32},"end":{"line":7,"column":49}},"2":{"start":{"line":8,"column":21},"end":{"line":8,"column":44}},"3":{"start":{"line":9,"column":27},"end":{"line":9,"column":37}},"4":{"start":{"line":12,"column":20},"end":{"line":12,"column":60}},"5":{"start":{"line":12,"column":43},"end":{"line":12,"column":59}},"6":{"start":{"line":13,"column":2},"end":{"line":13,"column":34}},"7":{"start":{"line":14,"column":2},"end":{"line":52,"column":4}},"8":{"start":{"line":40,"column":16},"end":{"line":42,"column":39}}},"fnMap":{"0":{"name":"(anonymous_0)","decl":{"start":{"line":6,"column":15},"end":{"line":6,"column":16}},"loc":{"start":{"line":6,"column":21},"end":{"line":53,"column":1}},"line":6},"1":{"name":"(anonymous_1)","decl":{"start":{"line":12,"column":32},"end":{"line":12,"column":33}},"loc":{"start":{"line":12,"column":43},"end":{"line":12,"column":59}},"line":12},"2":{"name":"(anonymous_2)","decl":{"start":{"line":39,"column":23},"end":{"line":39,"column":24}},"loc":{"start":{"line":40,"column":16},"end":{"line":42,"column":39}},"line":40}},"branchMap":{"0":{"loc":{"start":{"line":40,"column":16},"end":{"line":42,"column":39}},"type":"cond-expr","locations":[{"start":{"line":41,"column":20},"end":{"line":41,"column":40}},{"start":{"line":42,"column":20},"end":{"line":42,"column":39}}],"line":40}},"s":{"0":2,"1":8,"2":8,"3":8,"4":8,"5":15,"6":8,"7":8,"8":1},"f":{"0":8,"1":15,"2":1},"b":{"0":[1,0]},"_coverageSchema":"1a1c01bbd47fc00a2c39e90264f33305004495a9","hash":"9591c59f5832006ce8455330263cee0c5c6e15ec"}
,"C:\\REACTPRACTICE\\src\\components\\MenuRes.js": {"path":"C:\\REACTPRACTICE\\src\\components\\MenuRes.js","statementMap":{"0":{"start":{"line":8,"column":16},"end":{"line":60,"column":1}},"1":{"start":{"line":10,"column":20},"end":{"line":10,"column":31}},"2":{"start":{"line":11,"column":36},"end":{"line":11,"column":47}},"3":{"start":{"line":13,"column":18},"end":{"line":13,"column":42}},"4":{"start":{"line":24,"column":2},"end":{"line":24,"column":43}},"5":{"start":{"line":24,"column":24},"end":{"line":24,"column":43}},"6":{"start":{"line":26,"column":4},"end":{"line":26,"column":39}},"7":{"start":{"line":28,"column":4},"end":{"line":28,"column":79}},"8":{"start":{"line":29,"column":2},"end":{"line":29,"column":80}},"9":{"start":{"line":31,"column":4},"end":{"line":35,"column":5}},"10":{"start":{"line":33,"column":8},"end":{"line":34,"column":70}},"11":{"start":{"line":37,"column":2},"end":{"line":37,"column":38}},"12":{"start":{"line":38,"column":2},"end":{"line":59,"column":4}},"13":{"start":{"line":50,"column":10},"end":{"line":55,"column":12}},"14":{"start":{"line":54,"column":31},"end":{"line":54,"column":46}}},"fnMap":{"0":{"name":"(anonymous_0)","decl":{"start":{"line":8,"column":16},"end":{"line":8,"column":17}},"loc":{"start":{"line":8,"column":22},"end":{"line":60,"column":1}},"line":8},"1":{"name":"(anonymous_1)","decl":{"start":{"line":32,"column":6},"end":{"line":32,"column":7}},"loc":{"start":{"line":33,"column":8},"end":{"line":34,"column":70}},"line":33},"2":{"name":"(anonymous_2)","decl":{"start":{"line":49,"column":24},"end":{"line":49,"column":25}},"loc":{"start":{"line":50,"column":10},"end":{"line":55,"column":12}},"line":50},"3":{"name":"(anonymous_3)","decl":{"start":{"line":54,"column":26},"end":{"line":54,"column":27}},"loc":{"start":{"line":54,"column":31},"end":{"line":54,"column":46}},"line":54}},"branchMap":{"0":{"loc":{"start":{"line":24,"column":2},"end":{"line":24,"column":43}},"type":"if","locations":[{"start":{"line":24,"column":2},"end":{"line":24,"column":43}},{"start":{},"end":{}}],"line":24},"1":{"loc":{"start":{"line":53,"column":23},"end":{"line":53,"column":53}},"type":"cond-expr","locations":[{"start":{"line":53,"column":41},"end":{"line":53,"column":45}},{"start":{"line":53,"column":48},"end":{"line":53,"column":53}}],"line":53}},"s":{"0":1,"1":4,"2":4,"3":4,"4":4,"5":1,"6":3,"7":3,"8":3,"9":3,"10":45,"11":3,"12":3,"13":36,"14":3},"f":{"0":4,"1":45,"2":36,"3":3},"b":{"0":[1,3],"1":[3,33]},"_coverageSchema":"1a1c01bbd47fc00a2c39e90264f33305004495a9","hash":"3e676d07dce1a9b5e63d3be908c6e3494c06c931"}
,"C:\\REACTPRACTICE\\src\\components\\RestaurantCard.js": {"path":"C:\\REACTPRACTICE\\src\\components\\RestaurantCard.js","statementMap":{"0":{"start":{"line":3,"column":18},"end":{"line":5,"column":1}},"1":{"start":{"line":6,"column":22},"end":{"line":23,"column":1}},"2":{"start":{"line":7,"column":21},"end":{"line":7,"column":26}},"3":{"start":{"line":9,"column":70},"end":{"line":9,"column":77}},"4":{"start":{"line":10,"column":24},"end":{"line":10,"column":36}},"5":{"start":{"line":11,"column":4},"end":{"line":22,"column":5}},"6":{"start":{"line":26,"column":25},"end":{"line":37,"column":1}},"7":{"start":{"line":27,"column":4},"end":{"line":36,"column":5}},"8":{"start":{"line":28,"column":8},"end":{"line":28,"column":38}},"9":{"start":{"line":29,"column":29},"end":{"line":29,"column":64}},"10":{"start":{"line":30,"column":8},"end":{"line":35,"column":9}}},"fnMap":{"0":{"name":"(anonymous_0)","decl":{"start":{"line":6,"column":22},"end":{"line":6,"column":23}},"loc":{"start":{"line":6,"column":31},"end":{"line":23,"column":1}},"line":6},"1":{"name":"(anonymous_1)","decl":{"start":{"line":26,"column":25},"end":{"line":26,"column":26}},"loc":{"start":{"line":26,"column":43},"end":{"line":37,"column":1}},"line":26},"2":{"name":"(anonymous_2)","decl":{"start":{"line":27,"column":11},"end":{"line":27,"column":12}},"loc":{"start":{"line":27,"column":20},"end":{"line":36,"column":5}},"line":27}},"branchMap":{},"s":{"0":2,"1":2,"2":79,"3":79,"4":79,"5":79,"6":2,"7":8,"8":1,"9":1,"10":1},"f":{"0":79,"1":8,"2":1},"b":{},"_coverageSchema":"1a1c01bbd47fc00a2c39e90264f33305004495a9","hash":"98c2a1a8ab8efd2baca37826e73c47659445fbab"}
,"C:\\REACTPRACTICE\\src\\components\\RestaurantCategory.js": {"path":"C:\\REACTPRACTICE\\src\\components\\RestaurantCategory.js","statementMap":{"0":{"start":{"line":4,"column":26},"end":{"line":21,"column":1}},"1":{"start":{"line":5,"column":18},"end":{"line":7,"column":1}},"2":{"start":{"line":6,"column":4},"end":{"line":6,"column":18}},"3":{"start":{"line":8,"column":2},"end":{"line":8,"column":32}},"4":{"start":{"line":9,"column":4},"end":{"line":20,"column":5}}},"fnMap":{"0":{"name":"(anonymous_0)","decl":{"start":{"line":4,"column":26},"end":{"line":4,"column":27}},"loc":{"start":{"line":4,"column":65},"end":{"line":21,"column":1}},"line":4},"1":{"name":"(anonymous_1)","decl":{"start":{"line":5,"column":18},"end":{"line":5,"column":19}},"loc":{"start":{"line":5,"column":22},"end":{"line":7,"column":1}},"line":5}},"branchMap":{"0":{"loc":{"start":{"line":16,"column":13},"end":{"line":16,"column":76}},"type":"cond-expr","locations":[{"start":{"line":16,"column":23},"end":{"line":16,"column":71}},{"start":{"line":16,"column":72},"end":{"line":16,"column":76}}],"line":16}},"s":{"0":1,"1":24,"2":3,"3":24,"4":24},"f":{"0":24,"1":3},"b":{"0":[2,22]},"_coverageSchema":"1a1c01bbd47fc00a2c39e90264f33305004495a9","hash":"99731d949bb8c027caaf39a728efafbb00642772"}
,"C:\\REACTPRACTICE\\src\\components\\RestaurantItemList.js": {"path":"C:\\REACTPRACTICE\\src\\components\\RestaurantItemList.js","statementMap":{"0":{"start":{"line":5,"column":27},"end":{"line":52,"column":1}},"1":{"start":{"line":7,"column":19},"end":{"line":7,"column":32}},"2":{"start":{"line":8,"column":24},"end":{"line":10,"column":3}},"3":{"start":{"line":9,"column":4},"end":{"line":9,"column":28}},"4":{"start":{"line":11,"column":2},"end":{"line":51,"column":4}},"5":{"start":{"line":14,"column":8},"end":{"line":48,"column":14}},"6":{"start":{"line":35,"column":31},"end":{"line":35,"column":50}}},"fnMap":{"0":{"name":"(anonymous_0)","decl":{"start":{"line":5,"column":27},"end":{"line":5,"column":28}},"loc":{"start":{"line":5,"column":42},"end":{"line":52,"column":1}},"line":5},"1":{"name":"(anonymous_1)","decl":{"start":{"line":8,"column":24},"end":{"line":8,"column":25}},"loc":{"start":{"line":8,"column":34},"end":{"line":10,"column":3}},"line":8},"2":{"name":"(anonymous_2)","decl":{"start":{"line":13,"column":17},"end":{"line":13,"column":18}},"loc":{"start":{"line":14,"column":8},"end":{"line":48,"column":14}},"line":14},"3":{"name":"(anonymous_3)","decl":{"start":{"line":35,"column":25},"end":{"line":35,"column":26}},"loc":{"start":{"line":35,"column":31},"end":{"line":35,"column":50}},"line":35}},"branchMap":{"0":{"loc":{"start":{"line":23,"column":16},"end":{"line":25,"column":45}},"type":"cond-expr","locations":[{"start":{"line":24,"column":18},"end":{"line":24,"column":38}},{"start":{"line":25,"column":18},"end":{"line":25,"column":45}}],"line":23}},"s":{"0":1,"1":6,"2":6,"3":2,"4":6,"5":33,"6":2},"f":{"0":6,"1":2,"2":33,"3":2},"b":{"0":[33,0]},"_coverageSchema":"1a1c01bbd47fc00a2c39e90264f33305004495a9","hash":"c01f5005ca3263c5c96fcdc5e32b4c696f85151b"}
,"C:\\REACTPRACTICE\\src\\components\\Shimmer.js": {"path":"C:\\REACTPRACTICE\\src\\components\\Shimmer.js","statementMap":{"0":{"start":{"line":1,"column":15},"end":{"line":24,"column":1}},"1":{"start":{"line":2,"column":4},"end":{"line":23,"column":5}}},"fnMap":{"0":{"name":"(anonymous_0)","decl":{"start":{"line":1,"column":15},"end":{"line":1,"column":16}},"loc":{"start":{"line":1,"column":19},"end":{"line":24,"column":1}},"line":1}},"branchMap":{},"s":{"0":2,"1":3},"f":{"0":3},"b":{},"_coverageSchema":"1a1c01bbd47fc00a2c39e90264f33305004495a9","hash":"81aaf857d109ae994a06c60bed46ebfa111393f4"}
,"C:\\REACTPRACTICE\\src\\components\\sum.js": {"path":"C:\\REACTPRACTICE\\src\\components\\sum.js","statementMap":{"0":{"start":{"line":1,"column":19},"end":{"line":3,"column":3}},"1":{"start":{"line":2,"column":4},"end":{"line":2,"column":17}}},"fnMap":{"0":{"name":"(anonymous_0)","decl":{"start":{"line":1,"column":19},"end":{"line":1,"column":20}},"loc":{"start":{"line":1,"column":29},"end":{"line":3,"column":3}},"line":1}},"branchMap":{},"s":{"0":1,"1":1},"f":{"0":1},"b":{},"_coverageSchema":"1a1c01bbd47fc00a2c39e90264f33305004495a9","hash":"8bb0cd6539e1704b627bd030dcb1f5f68b60153e"}
,"C:\\REACTPRACTICE\\src\\utils\\UserContext.js": {"path":"C:\\REACTPRACTICE\\src\\utils\\UserContext.js","statementMap":{"0":{"start":{"line":3,"column":20},"end":{"line":5,"column":2}}},"fnMap":{},"branchMap":{},"s":{"0":3},"f":{},"b":{},"_coverageSchema":"1a1c01bbd47fc00a2c39e90264f33305004495a9","hash":"c2efc22bbf004d23d45ce593a103091284efbdb5"}
,"C:\\REACTPRACTICE\\src\\utils\\appStore.js": {"path":"C:\\REACTPRACTICE\\src\\utils\\appStore.js","statementMap":{"0":{"start":{"line":3,"column":17},"end":{"line":7,"column":2}}},"fnMap":{},"branchMap":{},"s":{"0":2},"f":{},"b":{},"_coverageSchema":"1a1c01bbd47fc00a2c39e90264f33305004495a9","hash":"c1ba98e2a1106dccd64bbb37fb19d000b273f5f0"}
,"C:\\REACTPRACTICE\\src\\utils\\cartSlice.js": {"path":"C:\\REACTPRACTICE\\src\\utils\\cartSlice.js","statementMap":{"0":{"start":{"line":3,"column":18},"end":{"line":20,"column":2}},"1":{"start":{"line":11,"column":12},"end":{"line":11,"column":45}},"2":{"start":{"line":14,"column":12},"end":{"line":14,"column":29}},"3":{"start":{"line":17,"column":12},"end":{"line":17,"column":32}},"4":{"start":{"line":21,"column":43},"end":{"line":21,"column":60}}},"fnMap":{"0":{"name":"(anonymous_0)","decl":{"start":{"line":9,"column":16},"end":{"line":9,"column":17}},"loc":{"start":{"line":9,"column":33},"end":{"line":12,"column":9}},"line":9},"1":{"name":"(anonymous_1)","decl":{"start":{"line":13,"column":19},"end":{"line":13,"column":20}},"loc":{"start":{"line":13,"column":28},"end":{"line":15,"column":9}},"line":13},"2":{"name":"(anonymous_2)","decl":{"start":{"line":16,"column":18},"end":{"line":16,"column":19}},"loc":{"start":{"line":16,"column":27},"end":{"line":18,"column":9}},"line":16}},"branchMap":{},"s":{"0":2,"1":2,"2":0,"3":1,"4":2},"f":{"0":2,"1":0,"2":1},"b":{},"_coverageSchema":"1a1c01bbd47fc00a2c39e90264f33305004495a9","hash":"c49a7e5ae270aa4f5210f93bc1d81b6f0223aaa9"}
,"C:\\REACTPRACTICE\\src\\utils\\constants.js": {"path":"C:\\REACTPRACTICE\\src\\utils\\constants.js","statementMap":{"0":{"start":{"line":1,"column":22},"end":{"line":1,"column":105}},"1":{"start":{"line":2,"column":23},"end":{"line":2,"column":153}}},"fnMap":{},"branchMap":{},"s":{"0":3,"1":3},"f":{},"b":{},"_coverageSchema":"1a1c01bbd47fc00a2c39e90264f33305004495a9","hash":"89536fc72d0ccfa1a7e264ba156177a0d708bf4f"}
,"C:\\REACTPRACTICE\\src\\utils\\mockData.js": {"path":"C:\\REACTPRACTICE\\src\\utils\\mockData.js","statementMap":{"0":{"start":{"line":1,"column":21},"end":{"line":731,"column":3}}},"fnMap":{},"branchMap":{},"s":{"0":1},"f":{},"b":{},"_coverageSchema":"1a1c01bbd47fc00a2c39e90264f33305004495a9","hash":"e306b9a0d47ca00a5e9a8a0f72eefeb92e226ba5"}
,"C:\\REACTPRACTICE\\src\\utils\\useOnlineStatus.js": {"path":"C:\\REACTPRACTICE\\src\\utils\\useOnlineStatus.js","statementMap":{"0":{"start":{"line":3,"column":22},"end":{"line":18,"column":1}},"1":{"start":{"line":4,"column":39},"end":{"line":4,"column":53}},"2":{"start":{"line":6,"column":1},"end":{"line":13,"column":6}},"3":{"start":{"line":7,"column":4},"end":{"line":9,"column":7}},"4":{"start":{"line":8,"column":8},"end":{"line":8,"column":30}},"5":{"start":{"line":10,"column":4},"end":{"line":12,"column":7}},"6":{"start":{"line":11,"column":8},"end":{"line":11,"column":29}},"7":{"start":{"line":17,"column":4},"end":{"line":17,"column":24}}},"fnMap":{"0":{"name":"(anonymous_0)","decl":{"start":{"line":3,"column":22},"end":{"line":3,"column":23}},"loc":{"start":{"line":3,"column":26},"end":{"line":18,"column":1}},"line":3},"1":{"name":"(anonymous_1)","decl":{"start":{"line":6,"column":11},"end":{"line":6,"column":12}},"loc":{"start":{"line":6,"column":15},"end":{"line":13,"column":2}},"line":6},"2":{"name":"(anonymous_2)","decl":{"start":{"line":7,"column":38},"end":{"line":7,"column":39}},"loc":{"start":{"line":7,"column":42},"end":{"line":9,"column":5}},"line":7},"3":{"name":"(anonymous_3)","decl":{"start":{"line":10,"column":37},"end":{"line":10,"column":38}},"loc":{"start":{"line":10,"column":41},"end":{"line":12,"column":5}},"line":10}},"branchMap":{},"s":{"0":1,"1":7,"2":7,"3":2,"4":0,"5":2,"6":0,"7":7},"f":{"0":7,"1":2,"2":0,"3":0},"b":{},"_coverageSchema":"1a1c01bbd47fc00a2c39e90264f33305004495a9","hash":"c8cf5b5e581bd7fac307601a268cfc0ab0cf3b7a"}
,"C:\\REACTPRACTICE\\src\\utils\\useRestaurantMenu.js": {"path":"C:\\REACTPRACTICE\\src\\utils\\useRestaurantMenu.js","statementMap":{"0":{"start":{"line":4,"column":24},"end":{"line":17,"column":1}},"1":{"start":{"line":5,"column":39},"end":{"line":5,"column":53}},"2":{"start":{"line":6,"column":4},"end":{"line":8,"column":8}},"3":{"start":{"line":7,"column":4},"end":{"line":7,"column":15}},"4":{"start":{"line":10,"column":19},"end":{"line":14,"column":4}},"5":{"start":{"line":11,"column":17},"end":{"line":11,"column":44}},"6":{"start":{"line":12,"column":17},"end":{"line":12,"column":34}},"7":{"start":{"line":13,"column":5},"end":{"line":13,"column":30}},"8":{"start":{"line":16,"column":4},"end":{"line":16,"column":23}}},"fnMap":{"0":{"name":"(anonymous_0)","decl":{"start":{"line":4,"column":24},"end":{"line":4,"column":25}},"loc":{"start":{"line":4,"column":33},"end":{"line":17,"column":1}},"line":4},"1":{"name":"(anonymous_1)","decl":{"start":{"line":6,"column":14},"end":{"line":6,"column":15}},"loc":{"start":{"line":6,"column":18},"end":{"line":8,"column":4}},"line":6},"2":{"name":"(anonymous_2)","decl":{"start":{"line":10,"column":19},"end":{"line":10,"column":20}},"loc":{"start":{"line":10,"column":29},"end":{"line":14,"column":4}},"line":10}},"branchMap":{},"s":{"0":1,"1":4,"2":4,"3":1,"4":4,"5":1,"6":1,"7":1,"8":4},"f":{"0":4,"1":1,"2":1},"b":{},"_coverageSchema":"1a1c01bbd47fc00a2c39e90264f33305004495a9","hash":"9af4fb33c06ec98c109f99b881f7a97b9abcb62b"}
}
