TN:
SF:src\components\Body.js
FN:9,(anonymous_0)
FN:13,(anonymous_1)
FN:16,(anonymous_2)
FN:30,(anonymous_3)
FN:31,(anonymous_4)
FN:53,(anonymous_5)
FN:61,(anonymous_6)
FN:63,(anonymous_7)
FN:75,(anonymous_8)
FN:81,(anonymous_9)
FN:88,(anonymous_10)
FNF:11
FNH:10
FNDA:7,(anonymous_0)
FNDA:2,(anonymous_1)
FNDA:2,(anonymous_2)
FNDA:1,(anonymous_3)
FNDA:20,(anonymous_4)
FNDA:0,(anonymous_5)
FNDA:1,(anonymous_6)
FNDA:20,(anonymous_7)
FNDA:1,(anonymous_8)
FNDA:1,(anonymous_9)
FNDA:77,(anonymous_10)
DA:9,1
DA:10,7
DA:11,7
DA:12,7
DA:13,7
DA:14,2
DA:16,7
DA:17,2
DA:20,2
DA:21,2
DA:22,2
DA:25,2
DA:29,7
DA:30,7
DA:31,1
DA:32,20
DA:35,1
DA:37,7
DA:38,7
DA:39,0
DA:40,7
DA:41,7
DA:54,0
DA:62,1
DA:63,20
DA:76,1
DA:81,1
DA:89,77
LF:28
LH:26
BRDA:38,0,0,0
BRDA:38,0,1,7
BRDA:41,1,0,2
BRDA:41,1,1,5
BRDA:94,2,0,0
BRDA:94,2,1,77
BRDA:94,3,0,77
BRDA:94,3,1,77
BRDA:94,3,2,0
BRF:9
BRH:6
end_of_record
TN:
SF:src\components\Cart.js
FN:5,(anonymous_0)
FN:6,(anonymous_1)
FN:8,(anonymous_2)
FN:16,(anonymous_3)
FNF:4
FNH:4
FNDA:4,(anonymous_0)
FNDA:8,(anonymous_1)
FNDA:1,(anonymous_2)
FNDA:1,(anonymous_3)
DA:5,1
DA:6,8
DA:7,4
DA:8,4
DA:9,1
DA:10,1
DA:12,4
DA:16,1
LF:8
LH:8
BRDA:17,0,0,4
BRDA:17,0,1,2
BRF:2
BRH:2
end_of_record
TN:
SF:src\components\Contact.js
FN:2,(anonymous_0)
FNF:1
FNH:1
FNDA:3,(anonymous_0)
DA:2,1
DA:3,3
LF:2
LH:2
BRF:0
BRH:0
end_of_record
TN:
SF:src\components\Header.js
FN:6,(anonymous_0)
FN:12,(anonymous_1)
FN:39,(anonymous_2)
FNF:3
FNH:3
FNDA:8,(anonymous_0)
FNDA:15,(anonymous_1)
FNDA:1,(anonymous_2)
DA:6,2
DA:7,8
DA:8,8
DA:9,8
DA:12,15
DA:13,8
DA:14,8
DA:40,1
LF:8
LH:8
BRDA:40,0,0,1
BRDA:40,0,1,0
BRF:2
BRH:1
end_of_record
TN:
SF:src\components\MenuRes.js
FN:8,(anonymous_0)
FN:32,(anonymous_1)
FN:49,(anonymous_2)
FN:54,(anonymous_3)
FNF:4
FNH:4
FNDA:4,(anonymous_0)
FNDA:45,(anonymous_1)
FNDA:36,(anonymous_2)
FNDA:3,(anonymous_3)
DA:8,1
DA:10,4
DA:11,4
DA:13,4
DA:24,4
DA:26,3
DA:28,3
DA:29,3
DA:31,3
DA:33,45
DA:37,3
DA:38,3
DA:50,36
DA:54,3
LF:14
LH:14
BRDA:24,0,0,1
BRDA:24,0,1,3
BRDA:53,1,0,3
BRDA:53,1,1,33
BRF:4
BRH:4
end_of_record
TN:
SF:src\components\RestaurantCard.js
FN:6,(anonymous_0)
FN:26,(anonymous_1)
FN:27,(anonymous_2)
FNF:3
FNH:3
FNDA:79,(anonymous_0)
FNDA:8,(anonymous_1)
FNDA:1,(anonymous_2)
DA:3,2
DA:6,2
DA:7,79
DA:9,79
DA:10,79
DA:11,79
DA:26,2
DA:27,8
DA:28,1
DA:29,1
DA:30,1
LF:11
LH:11
BRF:0
BRH:0
end_of_record
TN:
SF:src\components\RestaurantCategory.js
FN:4,(anonymous_0)
FN:5,(anonymous_1)
FNF:2
FNH:2
FNDA:24,(anonymous_0)
FNDA:3,(anonymous_1)
DA:4,1
DA:5,24
DA:6,3
DA:8,24
DA:9,24
LF:5
LH:5
BRDA:16,0,0,2
BRDA:16,0,1,22
BRF:2
BRH:2
end_of_record
TN:
SF:src\components\RestaurantItemList.js
FN:5,(anonymous_0)
FN:8,(anonymous_1)
FN:13,(anonymous_2)
FN:35,(anonymous_3)
FNF:4
FNH:4
FNDA:6,(anonymous_0)
FNDA:2,(anonymous_1)
FNDA:33,(anonymous_2)
FNDA:2,(anonymous_3)
DA:5,1
DA:7,6
DA:8,6
DA:9,2
DA:11,6
DA:14,33
DA:35,2
LF:7
LH:7
BRDA:23,0,0,33
BRDA:23,0,1,0
BRF:2
BRH:1
end_of_record
TN:
SF:src\components\Shimmer.js
FN:1,(anonymous_0)
FNF:1
FNH:1
FNDA:3,(anonymous_0)
DA:1,2
DA:2,3
LF:2
LH:2
BRF:0
BRH:0
end_of_record
TN:
SF:src\components\sum.js
FN:1,(anonymous_0)
FNF:1
FNH:1
FNDA:1,(anonymous_0)
DA:1,1
DA:2,1
LF:2
LH:2
BRF:0
BRH:0
end_of_record
TN:
SF:src\utils\UserContext.js
FNF:0
FNH:0
DA:3,3
LF:1
LH:1
BRF:0
BRH:0
end_of_record
TN:
SF:src\utils\appStore.js
FNF:0
FNH:0
DA:3,2
LF:1
LH:1
BRF:0
BRH:0
end_of_record
TN:
SF:src\utils\cartSlice.js
FN:9,(anonymous_0)
FN:13,(anonymous_1)
FN:16,(anonymous_2)
FNF:3
FNH:2
FNDA:2,(anonymous_0)
FNDA:0,(anonymous_1)
FNDA:1,(anonymous_2)
DA:3,2
DA:11,2
DA:14,0
DA:17,1
DA:21,2
LF:5
LH:4
BRF:0
BRH:0
end_of_record
TN:
SF:src\utils\constants.js
FNF:0
FNH:0
DA:1,3
DA:2,3
LF:2
LH:2
BRF:0
BRH:0
end_of_record
TN:
SF:src\utils\mockData.js
FNF:0
FNH:0
DA:1,1
LF:1
LH:1
BRF:0
BRH:0
end_of_record
TN:
SF:src\utils\useOnlineStatus.js
FN:3,(anonymous_0)
FN:6,(anonymous_1)
FN:7,(anonymous_2)
FN:10,(anonymous_3)
FNF:4
FNH:2
FNDA:7,(anonymous_0)
FNDA:2,(anonymous_1)
FNDA:0,(anonymous_2)
FNDA:0,(anonymous_3)
DA:3,1
DA:4,7
DA:6,7
DA:7,2
DA:8,0
DA:10,2
DA:11,0
DA:17,7
LF:8
LH:6
BRF:0
BRH:0
end_of_record
TN:
SF:src\utils\useRestaurantMenu.js
FN:4,(anonymous_0)
FN:6,(anonymous_1)
FN:10,(anonymous_2)
FNF:3
FNH:3
FNDA:4,(anonymous_0)
FNDA:1,(anonymous_1)
FNDA:1,(anonymous_2)
DA:4,1
DA:5,4
DA:6,4
DA:7,1
DA:10,4
DA:11,1
DA:12,1
DA:13,1
DA:16,4
LF:9
LH:9
BRF:0
BRH:0
end_of_record
